<?xml version="1.0" encoding="UTF-8"?>
<!-- Generated by org.testng.reporters.JUnitXMLReporter -->
<testsuite ignored="3" hostname="nct001ma4570106" failures="0" tests="1" name="Default test" time="1.825" errors="0" timestamp="2025-01-02T10:28:03 EST">
  <testcase classname="com.essar.multisig.testcases.MultiSignatureSaveTest" name="saveMaxSigSaveMultiSignatureStatusContainerSuccess" time="1.657"/>
  <testcase classname="com.essar.multisig.testcases.MultiSignatureSaveTest" name="saveMaxAttachSaveMultiSignatureStatusContainerSuccess" time="0.0">
    <ignored/>
  </testcase> <!-- saveMaxAttachSaveMultiSignatureStatusContainerSuccess -->
  <testcase classname="com.essar.multisig.testcases.MultiSignatureSaveTest" name="saveMultiSignatureStatusContainerSuccess" time="0.0">
    <ignored/>
  </testcase> <!-- saveMultiSignatureStatusContainerSuccess -->
  <testcase classname="com.essar.multisig.testcases.MultiSignatureSaveTest" name="saveMaxMixSaveMultiSignatureStatusContainerSuccess" time="0.0">
    <ignored/>
  </testcase> <!-- saveMaxMixSaveMultiSignatureStatusContainerSuccess -->
</testsuite> <!-- Default test -->
