<?xml version="1.0" encoding="UTF-8"?>
<testng-results ignored="3" total="4" passed="1" failed="0" skipped="0">
  <reporter-output>
  </reporter-output>
  <suite started-at="2025-01-02T10:28:01 EST" name="Default suite" finished-at="2025-01-02T10:28:03 EST" duration-ms="1825">
    <groups>
    </groups>
    <test started-at="2025-01-02T10:28:01 EST" name="Default test" finished-at="2025-01-02T10:28:03 EST" duration-ms="1825">
      <class name="com.essar.multisig.testcases.MultiSignatureSaveTest">
        <test-method is-config="true" signature="init()[pri:0, instance:com.essar.multisig.testcases.MultiSignatureSaveTest@4a883b15]" started-at="2025-01-02T10:28:01 EST" name="init" finished-at="2025-01-02T10:28:01 EST" duration-ms="12" status="PASS">
          <reporter-output>
          </reporter-output>
        </test-method> <!-- init -->
        <test-method signature="saveMaxSigSaveMultiSignatureStatusContainerSuccess()[pri:1, instance:com.essar.multisig.testcases.MultiSignatureSaveTest@4a883b15]" started-at="2025-01-02T10:28:01 EST" name="saveMaxSigSaveMultiSignatureStatusContainerSuccess" finished-at="2025-01-02T10:28:03 EST" duration-ms="1657" status="PASS">
          <reporter-output>
          </reporter-output>
        </test-method> <!-- saveMaxSigSaveMultiSignatureStatusContainerSuccess -->
      </class> <!-- com.essar.multisig.testcases.MultiSignatureSaveTest -->
    </test> <!-- Default test -->
  </suite> <!-- Default suite -->
</testng-results>
